<?xml version="1.0" encoding="UTF-8"?>
<!-- Generated by org.testng.reporters.JUnitXMLReporter -->
<testsuite ignored="0" hostname="DESKTOP-PUKSTHP" failures="0" tests="6" name="Default test" time="13.895" errors="0" timestamp="2026-02-28T23:33:36 MST">
  <testcase classname="ReactiveResume.ReactiveResume.AppTest" name="registerAccount" time="4.777"/>
  <testcase classname="ReactiveResume.ReactiveResume.AppTest" name="logout" time="1.269"/>
  <testcase classname="ReactiveResume.ReactiveResume.AppTest" name="login" time="1.114"/>
  <testcase classname="ReactiveResume.ReactiveResume.AppTest" name="createResume" time="2.361"/>
  <testcase classname="ReactiveResume.ReactiveResume.AppTest" name="editTheResume" time="3.418"/>
  <testcase classname="ReactiveResume.ReactiveResume.AppTest" name="deleteResume" time="0.245"/>
</testsuite> <!-- Default test -->
