<?xml version="1.0" encoding="UTF-8"?>
<!-- Generated by org.testng.reporters.JUnitXMLReporter -->
<testsuite ignored="0" hostname="DESKTOP-PUKSTHP" failures="0" tests="3" name="Default test" time="9.561" errors="0" timestamp="2026-02-25T00:49:56 MST">
  <testcase classname="ReactiveResume.ReactiveResume.AppTest" name="registerAccount" time="5.32"/>
  <testcase classname="ReactiveResume.ReactiveResume.AppTest" name="logout" time="1.532"/>
  <testcase classname="ReactiveResume.ReactiveResume.AppTest" name="login" time="1.805"/>
</testsuite> <!-- Default test -->
