<?xml version="1.0" encoding="UTF-8"?>
<testng-results ignored="0" total="6" passed="6" failed="0" skipped="0">
  <reporter-output>
  </reporter-output>
  <suite started-at="2026-02-28T23:33:22 MST" name="Default suite" finished-at="2026-02-28T23:33:36 MST" duration-ms="13895">
    <groups>
    </groups>
    <test started-at="2026-02-28T23:33:22 MST" name="Default test" finished-at="2026-02-28T23:33:36 MST" duration-ms="13895">
      <class name="ReactiveResume.ReactiveResume.AppTest">
        <test-method is-config="true" signature="setUp()[pri:0, instance:ReactiveResume.ReactiveResume.AppTest@51a651c1]" started-at="2026-02-28T23:33:22 MST" name="setUp" finished-at="2026-02-28T23:33:23 MST" duration-ms="686" status="PASS">
          <reporter-output>
          </reporter-output>
        </test-method> <!-- setUp -->
        <test-method signature="registerAccount()[pri:1, instance:ReactiveResume.ReactiveResume.AppTest@51a651c1]" started-at="2026-02-28T23:33:23 MST" name="registerAccount" finished-at="2026-02-28T23:33:28 MST" duration-ms="4777" status="PASS">
          <reporter-output>
          </reporter-output>
        </test-method> <!-- registerAccount -->
        <test-method signature="logout()[pri:2, instance:ReactiveResume.ReactiveResume.AppTest@51a651c1]" started-at="2026-02-28T23:33:28 MST" name="logout" finished-at="2026-02-28T23:33:29 MST" duration-ms="1269" status="PASS">
          <reporter-output>
          </reporter-output>
        </test-method> <!-- logout -->
        <test-method signature="login()[pri:3, instance:ReactiveResume.ReactiveResume.AppTest@51a651c1]" started-at="2026-02-28T23:33:29 MST" name="login" finished-at="2026-02-28T23:33:30 MST" duration-ms="1114" status="PASS">
          <reporter-output>
          </reporter-output>
        </test-method> <!-- login -->
        <test-method signature="createResume()[pri:4, instance:ReactiveResume.ReactiveResume.AppTest@51a651c1]" started-at="2026-02-28T23:33:30 MST" name="createResume" finished-at="2026-02-28T23:33:32 MST" duration-ms="2361" status="PASS">
          <reporter-output>
          </reporter-output>
        </test-method> <!-- createResume -->
        <test-method signature="editTheResume()[pri:5, instance:ReactiveResume.ReactiveResume.AppTest@51a651c1]" started-at="2026-02-28T23:33:32 MST" name="editTheResume" finished-at="2026-02-28T23:33:36 MST" duration-ms="3418" status="PASS">
          <reporter-output>
          </reporter-output>
        </test-method> <!-- editTheResume -->
        <test-method signature="deleteResume()[pri:6, instance:ReactiveResume.ReactiveResume.AppTest@51a651c1]" started-at="2026-02-28T23:33:36 MST" name="deleteResume" finished-at="2026-02-28T23:33:36 MST" duration-ms="245" status="PASS">
          <reporter-output>
          </reporter-output>
        </test-method> <!-- deleteResume -->
      </class> <!-- ReactiveResume.ReactiveResume.AppTest -->
    </test> <!-- Default test -->
  </suite> <!-- Default suite -->
</testng-results>
