<?xml version="1.0" encoding="UTF-8"?>
<testng-results ignored="1" total="9" passed="8" failed="0" skipped="0">
  <reporter-output>
  </reporter-output>
  <suite started-at="2026-03-16T16:28:41 PDT" name="Default suite" finished-at="2026-03-16T16:29:01 PDT" duration-ms="19945">
    <groups>
    </groups>
    <test started-at="2026-03-16T16:28:41 PDT" name="Default test" finished-at="2026-03-16T16:29:01 PDT" duration-ms="19945">
      <class name="ReactiveResume.ReactiveResume.AppTest">
        <test-method is-config="true" signature="setUp()[pri:0, instance:ReactiveResume.ReactiveResume.AppTest@54b2fc58]" started-at="2026-03-16T16:28:41 PDT" name="setUp" finished-at="2026-03-16T16:28:42 PDT" duration-ms="1218" status="PASS">
          <reporter-output>
          </reporter-output>
        </test-method> <!-- setUp -->
        <test-method signature="registerAccount()[pri:1, instance:ReactiveResume.ReactiveResume.AppTest@54b2fc58]" started-at="2026-03-16T16:28:42 PDT" name="registerAccount" finished-at="2026-03-16T16:28:46 PDT" duration-ms="4201" status="PASS">
          <reporter-output>
          </reporter-output>
        </test-method> <!-- registerAccount -->
        <test-method signature="logout()[pri:2, instance:ReactiveResume.ReactiveResume.AppTest@54b2fc58]" started-at="2026-03-16T16:28:46 PDT" name="logout" finished-at="2026-03-16T16:28:48 PDT" duration-ms="1300" status="PASS">
          <reporter-output>
          </reporter-output>
        </test-method> <!-- logout -->
        <test-method signature="login()[pri:3, instance:ReactiveResume.ReactiveResume.AppTest@54b2fc58]" started-at="2026-03-16T16:28:48 PDT" name="login" finished-at="2026-03-16T16:28:48 PDT" duration-ms="960" status="PASS">
          <reporter-output>
          </reporter-output>
        </test-method> <!-- login -->
        <test-method signature="createResume()[pri:4, instance:ReactiveResume.ReactiveResume.AppTest@54b2fc58]" started-at="2026-03-16T16:28:48 PDT" name="createResume" finished-at="2026-03-16T16:28:50 PDT" duration-ms="2001" status="PASS">
          <reporter-output>
          </reporter-output>
        </test-method> <!-- createResume -->
        <test-method signature="editTheResume()[pri:5, instance:ReactiveResume.ReactiveResume.AppTest@54b2fc58]" started-at="2026-03-16T16:28:50 PDT" name="editTheResume" finished-at="2026-03-16T16:28:55 PDT" duration-ms="4840" status="PASS">
          <reporter-output>
          </reporter-output>
        </test-method> <!-- editTheResume -->
        <test-method signature="uploadImage()[pri:6, instance:ReactiveResume.ReactiveResume.AppTest@54b2fc58]" started-at="2026-03-16T16:28:55 PDT" name="uploadImage" finished-at="2026-03-16T16:28:58 PDT" duration-ms="2448" status="PASS">
          <reporter-output>
          </reporter-output>
        </test-method> <!-- uploadImage -->
        <test-method signature="deleteResume()[pri:7, instance:ReactiveResume.ReactiveResume.AppTest@54b2fc58]" started-at="2026-03-16T16:28:58 PDT" name="deleteResume" finished-at="2026-03-16T16:28:59 PDT" duration-ms="1714" status="PASS">
          <reporter-output>
          </reporter-output>
        </test-method> <!-- deleteResume -->
        <test-method signature="languageSwitching()[pri:8, instance:ReactiveResume.ReactiveResume.AppTest@54b2fc58]" started-at="2026-03-16T16:28:59 PDT" name="languageSwitching" finished-at="2026-03-16T16:29:01 PDT" duration-ms="1093" status="PASS">
          <reporter-output>
          </reporter-output>
        </test-method> <!-- languageSwitching -->
      </class> <!-- ReactiveResume.ReactiveResume.AppTest -->
    </test> <!-- Default test -->
  </suite> <!-- Default suite -->
</testng-results>
