<?xml version="1.0" encoding="UTF-8"?>
<!-- Generated by org.testng.reporters.JUnitReportReporter -->
<testsuite hostname="DESKTOP-NO6VRSL" failures="0" tests="9" name="ReactiveResume.ReactiveResume.AppTest" time="18.557" errors="0" timestamp="2026-03-16T16:29:01 PDT" skipped="1">
  <testcase classname="ReactiveResume.ReactiveResume.AppTest" name="registerAccount" time="4.201"/>
  <testcase classname="ReactiveResume.ReactiveResume.AppTest" name="logout" time="1.300"/>
  <testcase classname="ReactiveResume.ReactiveResume.AppTest" name="login" time="0.960"/>
  <testcase classname="ReactiveResume.ReactiveResume.AppTest" name="createResume" time="2.001"/>
  <testcase classname="ReactiveResume.ReactiveResume.AppTest" name="editTheResume" time="4.840"/>
  <testcase classname="ReactiveResume.ReactiveResume.AppTest" name="uploadImage" time="2.448"/>
  <testcase classname="ReactiveResume.ReactiveResume.AppTest" name="deleteResume" time="1.714"/>
  <testcase classname="ReactiveResume.ReactiveResume.AppTest" name="languageSwitching" time="1.093"/>
  <testcase classname="ReactiveResume.ReactiveResume.AppTest" name="none">
    <skipped/>
  </testcase> <!-- none -->
</testsuite> <!-- ReactiveResume.ReactiveResume.AppTest -->
