<?xml version="1.0" encoding="UTF-8"?>
<!-- Generated by org.testng.reporters.JUnitReportReporter -->
<testsuite hostname="DESKTOP-PUKSTHP" failures="0" tests="3" name="ReactiveResume.ReactiveResume.AppTest" time="8.657" errors="0" timestamp="2026-02-25T00:49:56 MST" skipped="0">
  <testcase classname="ReactiveResume.ReactiveResume.AppTest" name="registerAccount" time="5.320"/>
  <testcase classname="ReactiveResume.ReactiveResume.AppTest" name="logout" time="1.532"/>
  <testcase classname="ReactiveResume.ReactiveResume.AppTest" name="login" time="1.805"/>
</testsuite> <!-- ReactiveResume.ReactiveResume.AppTest -->
